"The Beatles/01_-_Please_Please_Me/01_-_I_Saw_Her_Standing_There"
"The Beatles/01_-_Please_Please_Me/02_-_Misery"
"The Beatles/01_-_Please_Please_Me/03_-_Anna_(Go_To_Him)"
"The Beatles/01_-_Please_Please_Me/04_-_Chains"
"The Beatles/01_-_Please_Please_Me/05_-_Boys"
"The Beatles/01_-_Please_Please_Me/06_-_Ask_Me_Why"
"The Beatles/01_-_Please_Please_Me/07_-_Please_Please_Me"
"The Beatles/01_-_Please_Please_Me/08_-_Love_Me_Do"
"The Beatles/01_-_Please_Please_Me/09_-_P._S._I_Love_You"
"The Beatles/01_-_Please_Please_Me/10_-_Baby_It's_You"
"The Beatles/01_-_Please_Please_Me/11_-_Do_You_Want_To_Know_A_Secret"
"The Beatles/01_-_Please_Please_Me/12_-_A_Taste_Of_Honey"
"The Beatles/01_-_Please_Please_Me/13_-_There's_A_Place"
"The Beatles/01_-_Please_Please_Me/14_-_Twist_And_Shout"
"The Beatles/02_-_With_the_Beatles/01_-_It_Won't_Be_Long"
"The Beatles/02_-_With_the_Beatles/02_-_All_I've_Got_To_Do"
"The Beatles/02_-_With_the_Beatles/03_-_All_My_Loving"
"The Beatles/02_-_With_the_Beatles/04_-_Don't_Bother_Me"
"The Beatles/02_-_With_the_Beatles/05_-_Little_Child"
"The Beatles/02_-_With_the_Beatles/06_-_Till_There_Was_You"
"The Beatles/02_-_With_the_Beatles/07_-_Please_Mister_Postman"
"The Beatles/02_-_With_the_Beatles/08_-_Roll_Over_Beethoven"
"The Beatles/02_-_With_the_Beatles/09_-_Hold_Me_Tight"
"The Beatles/02_-_With_the_Beatles/10_-_You_Really_Got_A_Hold_On_Me"
"The Beatles/02_-_With_the_Beatles/11_-_I_Wanna_Be_Your_Man"
"The Beatles/02_-_With_the_Beatles/12_-_Devil_In_Her_Heart"
"The Beatles/02_-_With_the_Beatles/13_-_Not_A_Second_Time"
"The Beatles/02_-_With_the_Beatles/14_-_Money"
"The Beatles/03_-_A_Hard_Day's_Night/01_-_A_Hard_Day's_Night"
"The Beatles/03_-_A_Hard_Day's_Night/02_-_I_Should_Have_Known_Better"
"The Beatles/03_-_A_Hard_Day's_Night/03_-_If_I_Fell"
"The Beatles/03_-_A_Hard_Day's_Night/04_-_I'm_Happy_Just_To_Dance_With_You"
"The Beatles/03_-_A_Hard_Day's_Night/05_-_And_I_Love_Her"
"The Beatles/03_-_A_Hard_Day's_Night/06_-_Tell_Me_Why"
"The Beatles/03_-_A_Hard_Day's_Night/07_-_Can't_Buy_Me_Love"
"The Beatles/03_-_A_Hard_Day's_Night/08_-_Any_Time_At_All"
"The Beatles/03_-_A_Hard_Day's_Night/09_-_I'll_Cry_Instead"
"The Beatles/03_-_A_Hard_Day's_Night/10_-_Things_We_Said_Today"
"The Beatles/03_-_A_Hard_Day's_Night/11_-_When_I_Get_Home"
"The Beatles/03_-_A_Hard_Day's_Night/12_-_You_Can't_Do_That"
"The Beatles/03_-_A_Hard_Day's_Night/13_-_I'll_Be_Back"
"The Beatles/04_-_Beatles_for_Sale/01_-_No_Reply"
"The Beatles/04_-_Beatles_for_Sale/02_-_I'm_a_Loser"
"The Beatles/04_-_Beatles_for_Sale/03_-_Baby's_In_Black"
"The Beatles/04_-_Beatles_for_Sale/04_-_Rock_and_Roll_Music"
"The Beatles/04_-_Beatles_for_Sale/05_-_I'll_Follow_the_Sun"
"The Beatles/04_-_Beatles_for_Sale/06_-_Mr._Moonlight"
"The Beatles/04_-_Beatles_for_Sale/07_-_Kansas_City-_Hey,_Hey,_Hey,_Hey"
"The Beatles/04_-_Beatles_for_Sale/08_-_Eight_Days_a_Week"
"The Beatles/04_-_Beatles_for_Sale/09_-_Words_of_Love"
"The Beatles/04_-_Beatles_for_Sale/10_-_Honey_Don't"
"The Beatles/04_-_Beatles_for_Sale/11_-_Every_Little_Thing"
"The Beatles/04_-_Beatles_for_Sale/12_-_I_Don't_Want_to_Spoil_the_Party"
"The Beatles/04_-_Beatles_for_Sale/13_-_What_You're_Doing"
"The Beatles/04_-_Beatles_for_Sale/14_-_Everybody's_Trying_to_Be_My_Baby"
"The Beatles/05_-_Help!/01_-_Help!"
"The Beatles/05_-_Help!/02_-_The_Night_Before"
"The Beatles/05_-_Help!/03_-_You've_Got_To_Hide_Your_Love_Away"
"The Beatles/05_-_Help!/04_-_I_Need_You"
"The Beatles/05_-_Help!/05_-_Another_Girl"
"The Beatles/05_-_Help!/06_-_You're_Going_to_Lose_That_Girl"
"The Beatles/05_-_Help!/07_-_Ticket_To_Ride"
"The Beatles/05_-_Help!/08_-_Act_Naturally"
"The Beatles/05_-_Help!/09_-_It's_Only_Love"
"The Beatles/05_-_Help!/10_-_You_Like_Me_Too_Much"
"The Beatles/05_-_Help!/11_-_Tell_Me_What_You_See"
"The Beatles/05_-_Help!/12_-_I've_Just_Seen_a_Face"
"The Beatles/05_-_Help!/13_-_Yesterday"
"The Beatles/05_-_Help!/14_-_Dizzy_Miss_Lizzy"
"The Beatles/06_-_Rubber_Soul/01_-_Drive_My_Car"
"The Beatles/06_-_Rubber_Soul/02_-_Norwegian_Wood_(This_Bird_Has_Flown)"
"The Beatles/06_-_Rubber_Soul/03_-_You_Won't_See_Me"
"The Beatles/06_-_Rubber_Soul/04_-_Nowhere_Man"
"The Beatles/06_-_Rubber_Soul/05_-_Think_For_Yourself"
"The Beatles/06_-_Rubber_Soul/06_-_The_Word"
"The Beatles/06_-_Rubber_Soul/07_-_Michelle"
"The Beatles/06_-_Rubber_Soul/08_-_What_Goes_On"
"The Beatles/06_-_Rubber_Soul/09_-_Girl"
"The Beatles/06_-_Rubber_Soul/10_-_I'm_Looking_Through_You"
"The Beatles/06_-_Rubber_Soul/11_-_In_My_Life"
"The Beatles/06_-_Rubber_Soul/12_-_Wait"
"The Beatles/06_-_Rubber_Soul/13_-_If_I_Needed_Someone"
"The Beatles/06_-_Rubber_Soul/14_-_Run_For_Your_Life"
"The Beatles/07_-_Revolver/01_-_Taxman"
"The Beatles/07_-_Revolver/02_-_Eleanor_Rigby"
"The Beatles/07_-_Revolver/03_-_I'm_Only_Sleeping"
"The Beatles/07_-_Revolver/04_-_Love_You_To"
"The Beatles/07_-_Revolver/05_-_Here,_There_And_Everywhere"
"The Beatles/07_-_Revolver/06_-_Yellow_Submarine"
"The Beatles/07_-_Revolver/07_-_She_Said_She_Said"
"The Beatles/07_-_Revolver/08_-_Good_Day_Sunshine"
"The Beatles/07_-_Revolver/09_-_And_Your_Bird_Can_Sing"
"The Beatles/07_-_Revolver/10_-_For_No_One"
"The Beatles/07_-_Revolver/11_-_Doctor_Robert"
"The Beatles/07_-_Revolver/12_-_I_Want_To_Tell_You"
"The Beatles/07_-_Revolver/13_-_Got_To_Get_You_Into_My_Life"
"The Beatles/07_-_Revolver/14_-_Tomorrow_Never_Knows"
"The Beatles/08_-_Sgt._Pepper's_Lonely_Hearts_Club_Band/01_-_Sgt._Pepper's_Lonely_Hearts_Club_Band"
"The Beatles/08_-_Sgt._Pepper's_Lonely_Hearts_Club_Band/02_-_With_A_Little_Help_From_My_Friends"
"The Beatles/08_-_Sgt._Pepper's_Lonely_Hearts_Club_Band/03_-_Lucy_In_The_Sky_With_Diamonds"
"The Beatles/08_-_Sgt._Pepper's_Lonely_Hearts_Club_Band/04_-_Getting_Better"
"The Beatles/08_-_Sgt._Pepper's_Lonely_Hearts_Club_Band/05_-_Fixing_A_Hole"
"The Beatles/08_-_Sgt._Pepper's_Lonely_Hearts_Club_Band/06_-_She's_Leaving_Home"
"The Beatles/08_-_Sgt._Pepper's_Lonely_Hearts_Club_Band/07_-_Being_For_The_Benefit_Of_Mr._Kite!"
"The Beatles/08_-_Sgt._Pepper's_Lonely_Hearts_Club_Band/08_-_Within_You_Without_You"
"The Beatles/08_-_Sgt._Pepper's_Lonely_Hearts_Club_Band/09_-_When_I'm_Sixty-Four"
"The Beatles/08_-_Sgt._Pepper's_Lonely_Hearts_Club_Band/10_-_Lovely_Rita"
"The Beatles/08_-_Sgt._Pepper's_Lonely_Hearts_Club_Band/11_-_Good_Morning_Good_Morning"
"The Beatles/08_-_Sgt._Pepper's_Lonely_Hearts_Club_Band/12_-_Sgt._Pepper's_Lonely_Hearts_Club_Band_(Reprise)"
"The Beatles/08_-_Sgt._Pepper's_Lonely_Hearts_Club_Band/13_-_A_Day_In_The_Life"
"The Beatles/09_-_Magical_Mystery_Tour/01_-_Magical_Mystery_Tour"
"The Beatles/09_-_Magical_Mystery_Tour/02_-_The_Fool_On_The_Hill"
"The Beatles/09_-_Magical_Mystery_Tour/03_-_Flying"
"The Beatles/09_-_Magical_Mystery_Tour/04_-_Blue_Jay_Way"
"The Beatles/09_-_Magical_Mystery_Tour/05_-_Your_Mother_Should_Know"
"The Beatles/09_-_Magical_Mystery_Tour/06_-_I_Am_The_Walrus"
"The Beatles/09_-_Magical_Mystery_Tour/07_-_Hello_Goodbye"
"The Beatles/09_-_Magical_Mystery_Tour/08_-_Strawberry_Fields_Forever"
"The Beatles/09_-_Magical_Mystery_Tour/09_-_Penny_Lane"
"The Beatles/09_-_Magical_Mystery_Tour/10_-_Baby_You're_A_Rich_Man"
"The Beatles/09_-_Magical_Mystery_Tour/11_-_All_You_Need_Is_Love"
"The Beatles/10CD1_-_The_Beatles/CD1_-_01_-_Back_in_the_USSR"
"The Beatles/10CD1_-_The_Beatles/CD1_-_02_-_Dear_Prudence"
"The Beatles/10CD1_-_The_Beatles/CD1_-_03_-_Glass_Onion"
"The Beatles/10CD1_-_The_Beatles/CD1_-_04_-_Ob-La-Di,_Ob-La-Da"
"The Beatles/10CD1_-_The_Beatles/CD1_-_05_-_Wild_Honey_Pie"
"The Beatles/10CD1_-_The_Beatles/CD1_-_06_-_The_Continuing_Story_of_Bungalow_Bill"
"The Beatles/10CD1_-_The_Beatles/CD1_-_07_-_While_My_Guitar_Gently_Weeps"
"The Beatles/10CD1_-_The_Beatles/CD1_-_08_-_Happiness_is_a_Warm_Gun"
"The Beatles/10CD1_-_The_Beatles/CD1_-_09_-_Martha_My_Dear"
"The Beatles/10CD1_-_The_Beatles/CD1_-_10_-_I'm_So_Tired"
"The Beatles/10CD1_-_The_Beatles/CD1_-_11_-_Black_Bird"
"The Beatles/10CD1_-_The_Beatles/CD1_-_12_-_Piggies"
"The Beatles/10CD1_-_The_Beatles/CD1_-_13_-_Rocky_Raccoon"
"The Beatles/10CD1_-_The_Beatles/CD1_-_14_-_Don't_Pass_Me_By"
"The Beatles/10CD1_-_The_Beatles/CD1_-_15_-_Why_Don't_We_Do_It_In_The_Road"
"The Beatles/10CD1_-_The_Beatles/CD1_-_16_-_I_Will"
"The Beatles/10CD1_-_The_Beatles/CD1_-_17_-_Julia"
"The Beatles/10CD2_-_The_Beatles/CD2_-_01_-_Birthday"
"The Beatles/10CD2_-_The_Beatles/CD2_-_02_-_Yer_Blues"
"The Beatles/10CD2_-_The_Beatles/CD2_-_03_-_Mother_Nature's_Son"
"The Beatles/10CD2_-_The_Beatles/CD2_-_04_-_Everybody's_Got_Something_To_Hide_Except_Me_and_My_Monkey"
"The Beatles/10CD2_-_The_Beatles/CD2_-_05_-_Sexy_Sadie"
"The Beatles/10CD2_-_The_Beatles/CD2_-_06_-_Helter_Skelter"
"The Beatles/10CD2_-_The_Beatles/CD2_-_07_-_Long_Long_Long"
"The Beatles/10CD2_-_The_Beatles/CD2_-_08_-_Revolution_1"
"The Beatles/10CD2_-_The_Beatles/CD2_-_09_-_Honey_Pie"
"The Beatles/10CD2_-_The_Beatles/CD2_-_10_-_Savoy_Truffle"
"The Beatles/10CD2_-_The_Beatles/CD2_-_11_-_Cry_Baby_Cry"
"The Beatles/10CD2_-_The_Beatles/CD2_-_12_-_Revolution_9"
"The Beatles/10CD2_-_The_Beatles/CD2_-_13_-_Good_Night"
"The Beatles/11_-_Abbey_Road/01_-_Come_Together"
"The Beatles/11_-_Abbey_Road/02_-_Something"
"The Beatles/11_-_Abbey_Road/03_-_Maxwell's_Silver_Hammer"
"The Beatles/11_-_Abbey_Road/04_-_Oh!_Darling"
"The Beatles/11_-_Abbey_Road/05_-_Octopus's_Garden"
"The Beatles/11_-_Abbey_Road/06_-_I_Want_You"
"The Beatles/11_-_Abbey_Road/07_-_Here_Comes_The_Sun"
"The Beatles/11_-_Abbey_Road/08_-_Because"
"The Beatles/11_-_Abbey_Road/09_-_You_Never_Give_Me_Your_Money"
"The Beatles/11_-_Abbey_Road/10_-_Sun_King"
"The Beatles/11_-_Abbey_Road/11_-_Mean_Mr_Mustard"
"The Beatles/11_-_Abbey_Road/12_-_Polythene_Pam"
"The Beatles/11_-_Abbey_Road/13_-_She_Came_In_Through_The_Bathroom_Window"
"The Beatles/11_-_Abbey_Road/14_-_Golden_Slumbers"
"The Beatles/11_-_Abbey_Road/15_-_Carry_That_Weight"
"The Beatles/11_-_Abbey_Road/16_-_The_End"
"The Beatles/11_-_Abbey_Road/17_-_Her_Majesty"
"The Beatles/12_-_Let_It_Be/01_-_Two_of_Us"
"The Beatles/12_-_Let_It_Be/02_-_Dig_a_Pony"
"The Beatles/12_-_Let_It_Be/03_-_Across_the_Universe"
"The Beatles/12_-_Let_It_Be/04_-_I_Me_Mine"
"The Beatles/12_-_Let_It_Be/05_-_Dig_It"
"The Beatles/12_-_Let_It_Be/06_-_Let_It_Be"
"The Beatles/12_-_Let_It_Be/07_-_Maggie_Mae"
"The Beatles/12_-_Let_It_Be/08_-_I've_Got_A_Feeling"
"The Beatles/12_-_Let_It_Be/09_-_One_After_909"
"The Beatles/12_-_Let_It_Be/10_-_The_Long_and_Winding_Road"
"The Beatles/12_-_Let_It_Be/11_-_For_You_Blue"
"The Beatles/12_-_Let_It_Be/12_-_Get_Back"
"Zweieck/Zwielicht/01_-_Spiel_Mir_Eine_Alte_Melodie"
"Zweieck/Zwielicht/02_-_Rawhide"
"Zweieck/Zwielicht/03_-_She"
"Zweieck/Zwielicht/04_-_Erbauliche_Gedanken_Eines_Tobackrauchers"
"Zweieck/Zwielicht/05_-_Andersrum"
"Zweieck/Zwielicht/06_-_Tigerfest"
"Zweieck/Zwielicht/07_-_Akne"
"Zweieck/Zwielicht/08_-_Blass"
"Zweieck/Zwielicht/09_-_Mr_Morgan"
"Zweieck/Zwielicht/10_-_Liebesleid"
"Zweieck/Zwielicht/11_-_Ich_Kann_Heute_Nicht"
"Zweieck/Zwielicht/12_-_Jakob_Und_Marie"
"Zweieck/Zwielicht/13_-_Paparazzi"
"Zweieck/Zwielicht/14_-_Santa_Donna_Lucia_Mobile"
"Zweieck/Zwielicht/15_-_Es_Wird_Alles_Wieder_Gut,_Herr_Professor"
"Zweieck/Zwielicht/16_-_Zu_Leise_Für_Mich"
"Zweieck/Zwielicht/17_-_Duell"
"Zweieck/Zwielicht/18_-_Zuhause"
